2026.03.20 10:43:48 INFO  Started: Metals version 1.6.6 in folders 'C:\Program Files\Android\Project\MyApplication' for client Visual Studio Code 1.111.0.
2026.03.20 10:43:48 INFO  Memory monitor started
2026.03.20 10:43:48 WARN  Using H2 2.4.240 which is newer than the version Flyway has been verified with. The latest verified version of H2 is 2.3.232.
2026.03.20 10:43:48 INFO  no build target found for C:\Program Files\Android\Project\MyApplication\app\src\main\java\com\example\myapplication\MainActivity.java. Using fallback presentation compiler.
2026.03.20 10:43:50 INFO  no build target found for C:\Program Files\Android\Project\MyApplication\app\src\main\java\com\example\myapplication\MainActivity.java. Using fallback presentation compiler.
2026.03.20 10:43:53 WARN  no build target for: C:\Program Files\Android\Project\MyApplication\app\src\main\java\com\example\myapplication\MainActivity.java
2026.03.20 10:43:53 WARN  Running javac-semanticdb failed for file:///C:/Program%20Files/Android/Project/MyApplication/app/src/main/java/com/example/myapplication/MainActivity.java. Output:

2026.03.20 10:43:55 INFO  no build target found for C:\Program Files\Android\Project\MyApplication\app\src\main\java\com\example\myapplication\MainActivity.java. Using fallback presentation compiler.
2026.03.20 10:43:55 WARN  no build target for: C:\Program Files\Android\Project\MyApplication\app\src\main\java\com\example\myapplication\MainActivity.java
2026.03.20 10:43:55 INFO  no build target found for C:\Program Files\Android\Project\MyApplication\app\src\main\java\com\example\myapplication\MainActivity.java. Using fallback presentation compiler.
мар. 20, 2026 10:43:55 AM org.eclipse.lsp4j.jsonrpc.RemoteEndpoint handleCancellation
WARNING: Unmatched cancel notification for request id 10
2026.03.20 10:43:55 INFO  no build target found for C:\Program Files\Android\Project\MyApplication\app\src\main\java\com\example\myapplication\MainActivity.java. Using fallback presentation compiler.
2026.03.20 10:43:55 INFO  no build target found for C:\Program Files\Android\Project\MyApplication\app\src\main\java\com\example\myapplication\MainActivity.java. Using fallback presentation compiler.
2026.03.20 10:43:55 INFO  no build target found for C:\Program Files\Android\Project\MyApplication\app\src\main\java\com\example\myapplication\MainActivity.java. Using fallback presentation compiler.
2026.03.20 10:43:55 INFO  no build target found for C:\Program Files\Android\Project\MyApplication\app\src\main\java\com\example\myapplication\MainActivity.java. Using fallback presentation compiler.
2026.03.20 10:44:01 INFO  Shutting down server
2026.03.20 10:44:01 INFO  Memory monitor stopped
2026.03.20 10:44:01 INFO  shutting down Metals
2026.03.20 10:44:01 INFO  Exiting server
